<?xml version="1.0" encoding="UTF-8"?>
<testng-results ignored="0" total="4" passed="4" failed="0" skipped="0">
  <reporter-output>
  </reporter-output>
  <suite started-at="2024-08-10T09:32:59Z" name="Default suite" finished-at="2024-08-10T09:34:33Z" duration-ms="93932">
    <groups>
      <group name="cucumber">
        <method signature="AbstractTestNGCucumberTests.runScenario(cucumber.api.testng.PickleEventWrapper, cucumber.api.testng.CucumberFeatureWrapper)[pri:0, instance:testRunner.Runner@7d9e8ef7]" name="runScenario" class="cucumber.api.testng.AbstractTestNGCucumberTests"/>
      </group> <!-- cucumber -->
    </groups>
    <test started-at="2024-08-10T09:32:59Z" name="Default test" finished-at="2024-08-10T09:34:33Z" duration-ms="93932">
      <class name="testRunner.Runner">
        <test-method is-config="true" signature="setUpClass()[pri:0, instance:testRunner.Runner@7d9e8ef7]" started-at="2024-08-10T09:32:59Z" name="setUpClass" finished-at="2024-08-10T09:32:59Z" duration-ms="702" status="PASS">
          <reporter-output>
          </reporter-output>
        </test-method> <!-- setUpClass -->
        <test-method signature="runScenario(cucumber.api.testng.PickleEventWrapper, cucumber.api.testng.CucumberFeatureWrapper)[pri:0, instance:testRunner.Runner@7d9e8ef7]" started-at="2024-08-10T09:32:59Z" name="runScenario" description="Runs Cucumber Scenarios" data-provider="scenarios" finished-at="2024-08-10T09:33:39Z" duration-ms="39672" status="PASS">
          <params>
            <param index="0">
              <value>
                <![CDATA["Adding products to cart in swag application"]]>
              </value>
            </param>
            <param index="1">
              <value>
                <![CDATA["Accessing Swag Labs Application"]]>
              </value>
            </param>
          </params>
          <reporter-output>
          </reporter-output>
        </test-method> <!-- runScenario -->
        <test-method signature="runScenario(cucumber.api.testng.PickleEventWrapper, cucumber.api.testng.CucumberFeatureWrapper)[pri:0, instance:testRunner.Runner@7d9e8ef7]" started-at="2024-08-10T09:33:39Z" name="runScenario" description="Runs Cucumber Scenarios" data-provider="scenarios" finished-at="2024-08-10T09:33:59Z" duration-ms="20283" status="PASS">
          <params>
            <param index="0">
              <value>
                <![CDATA["Adding products to cart in swag application"]]>
              </value>
            </param>
            <param index="1">
              <value>
                <![CDATA["Accessing Swag Labs Application"]]>
              </value>
            </param>
          </params>
          <reporter-output>
          </reporter-output>
        </test-method> <!-- runScenario -->
        <test-method signature="runScenario(cucumber.api.testng.PickleEventWrapper, cucumber.api.testng.CucumberFeatureWrapper)[pri:0, instance:testRunner.Runner@7d9e8ef7]" started-at="2024-08-10T09:33:59Z" name="runScenario" description="Runs Cucumber Scenarios" data-provider="scenarios" finished-at="2024-08-10T09:34:13Z" duration-ms="13538" status="PASS">
          <params>
            <param index="0">
              <value>
                <![CDATA["Adding products to cart in swag application"]]>
              </value>
            </param>
            <param index="1">
              <value>
                <![CDATA["Accessing Swag Labs Application"]]>
              </value>
            </param>
          </params>
          <reporter-output>
          </reporter-output>
        </test-method> <!-- runScenario -->
        <test-method signature="runScenario(cucumber.api.testng.PickleEventWrapper, cucumber.api.testng.CucumberFeatureWrapper)[pri:0, instance:testRunner.Runner@7d9e8ef7]" started-at="2024-08-10T09:34:13Z" name="runScenario" description="Runs Cucumber Scenarios" data-provider="scenarios" finished-at="2024-08-10T09:34:31Z" duration-ms="18512" status="PASS">
          <params>
            <param index="0">
              <value>
                <![CDATA["Adding products to cart in swag application"]]>
              </value>
            </param>
            <param index="1">
              <value>
                <![CDATA["Accessing Swag Labs Application"]]>
              </value>
            </param>
          </params>
          <reporter-output>
          </reporter-output>
        </test-method> <!-- runScenario -->
        <test-method is-config="true" signature="tearDownClass()[pri:0, instance:testRunner.Runner@7d9e8ef7]" started-at="2024-08-10T09:34:31Z" name="tearDownClass" finished-at="2024-08-10T09:34:33Z" duration-ms="1127" status="PASS">
          <reporter-output>
          </reporter-output>
        </test-method> <!-- tearDownClass -->
      </class> <!-- testRunner.Runner -->
    </test> <!-- Default test -->
  </suite> <!-- Default suite -->
</testng-results>
